<?xml version="1.0" encoding="UTF-8"?>
<testsuite name="DPcalcTests" time="0" tests="26" errors="0" skipped="0" failures="0">
  <properties>
    <property name="java.runtime.name" value="Java(TM) SE Runtime Environment"/>
    <property name="sun.boot.library.path" value="C:\Program Files\Java\jdk1.8.0_40\jre\bin"/>
    <property name="java.vm.version" value="25.40-b25"/>
    <property name="java.vm.vendor" value="Oracle Corporation"/>
    <property name="java.vendor.url" value="http://java.oracle.com/"/>
    <property name="path.separator" value=";"/>
    <property name="guice.disable.misplaced.annotation.check" value="true"/>
    <property name="java.vm.name" value="Java HotSpot(TM) Client VM"/>
    <property name="file.encoding.pkg" value="sun.io"/>
    <property name="user.script" value=""/>
    <property name="user.country" value="ZA"/>
    <property name="sun.java.launcher" value="SUN_STANDARD"/>
    <property name="sun.os.patch.level" value="Service Pack 1"/>
    <property name="java.vm.specification.name" value="Java Virtual Machine Specification"/>
    <property name="user.dir" value="C:\Users\Dominic\Desktop\I.T\Object Orientated Programming\C_ITOO121Project"/>
    <property name="java.runtime.version" value="1.8.0_40-b25"/>
    <property name="java.awt.graphicsenv" value="sun.awt.Win32GraphicsEnvironment"/>
    <property name="java.endorsed.dirs" value="C:\Program Files\Java\jdk1.8.0_40\jre\lib\endorsed"/>
    <property name="os.arch" value="x86"/>
    <property name="java.io.tmpdir" value="C:\Users\Dominic\AppData\Local\Temp\"/>
    <property name="line.separator" value="&#10;"/>
    <property name="java.vm.specification.vendor" value="Oracle Corporation"/>
    <property name="user.variant" value=""/>
    <property name="os.name" value="Windows 7"/>
    <property name="maven.ext.class.path" value="C:\Program Files\NetBeans 8.0.2\java\maven-nblib\netbeans-eventspy.jar"/>
    <property name="classworlds.conf" value="C:\Program Files\NetBeans 8.0.2\java\maven\bin\m2.conf"/>
    <property name="sun.jnu.encoding" value="Cp1252"/>
    <property name="java.library.path" value="C:\Program Files\Java\jdk1.8.0_40\bin;C:\windows\Sun\Java\bin;C:\windows\system32;C:\windows;C:\ProgramData\Oracle\Java\javapath;C:\windows\system32;C:\windows;C:\windows\System32\Wbem;C:\windows\System32\WindowsPowerShell\v1.0\;C:\Program Files\Lenovo\Bluetooth Software\;C:\Program Files\Skype\Phone\;."/>
    <property name="java.specification.name" value="Java Platform API Specification"/>
    <property name="java.class.version" value="52.0"/>
    <property name="sun.management.compiler" value="HotSpot Client Compiler"/>
    <property name="os.version" value="6.1"/>
    <property name="user.home" value="C:\Users\Dominic"/>
    <property name="user.timezone" value="Africa/Harare"/>
    <property name="exec.executable" value="C:\Program Files\Java\jdk1.8.0_40\bin\java.exe"/>
    <property name="java.awt.printerjob" value="sun.awt.windows.WPrinterJob"/>
    <property name="java.specification.version" value="1.8"/>
    <property name="file.encoding" value="UTF-8"/>
    <property name="user.name" value="Dominic"/>
    <property name="java.class.path" value="C:\Program Files\NetBeans 8.0.2\java\maven\boot\plexus-classworlds-2.4.jar"/>
    <property name="java.vm.specification.version" value="1.8"/>
    <property name="sun.arch.data.model" value="32"/>
    <property name="java.home" value="C:\Program Files\Java\jdk1.8.0_40\jre"/>
    <property name="sun.java.command" value="org.codehaus.plexus.classworlds.launcher.Launcher -Dexec.args=-classpath %classpath za.ac.pearson.cti.studentdpcalculator.Main -Dexec.executable=C:\Program Files\Java\jdk1.8.0_40\bin\java.exe -Dmaven.ext.class.path=C:\Program Files\NetBeans 8.0.2\java\maven-nblib\netbeans-eventspy.jar -Dfile.encoding=UTF-8 surefire:test exec:exec"/>
    <property name="java.specification.vendor" value="Oracle Corporation"/>
    <property name="user.language" value="en"/>
    <property name="awt.toolkit" value="sun.awt.windows.WToolkit"/>
    <property name="java.vm.info" value="mixed mode"/>
    <property name="java.version" value="1.8.0_40"/>
    <property name="java.ext.dirs" value="C:\Program Files\Java\jdk1.8.0_40\jre\lib\ext;C:\windows\Sun\Java\lib\ext"/>
    <property name="sun.boot.class.path" value="C:\Program Files\Java\jdk1.8.0_40\jre\lib\resources.jar;C:\Program Files\Java\jdk1.8.0_40\jre\lib\rt.jar;C:\Program Files\Java\jdk1.8.0_40\jre\lib\sunrsasign.jar;C:\Program Files\Java\jdk1.8.0_40\jre\lib\jsse.jar;C:\Program Files\Java\jdk1.8.0_40\jre\lib\jce.jar;C:\Program Files\Java\jdk1.8.0_40\jre\lib\charsets.jar;C:\Program Files\Java\jdk1.8.0_40\jre\lib\jfr.jar;C:\Program Files\Java\jdk1.8.0_40\jre\classes"/>
    <property name="java.vendor" value="Oracle Corporation"/>
    <property name="maven.home" value="C:\Program Files\NetBeans 8.0.2\java\maven"/>
    <property name="file.separator" value="\"/>
    <property name="java.vendor.url.bug" value="http://bugreport.sun.com/bugreport/"/>
    <property name="sun.cpu.endian" value="little"/>
    <property name="sun.io.unicode.encoding" value="UnicodeLittle"/>
    <property name="sun.desktop" value="windows"/>
    <property name="exec.args" value="-classpath %classpath za.ac.pearson.cti.studentdpcalculator.Main"/>
    <property name="sun.cpu.isalist" value="pentium_pro+mmx pentium_pro pentium+mmx pentium i486 i386 i86"/>
  </properties>
  <testcase name="testCalculateDPwithFailingMarks" classname="DPcalcTests" time="0"/>
  <testcase name="testInvalidDVnumWithDatePartThatIsWrong" classname="DPcalcTests" time="0"/>
  <testcase name="testGetAssignmentWhereSubjectIsInCapitalLetters" classname="DPcalcTests" time="0"/>
  <testcase name="testGetSemesterTestWhereSubjectIsOnlyInLowerCase" classname="DPcalcTests" time="0"/>
  <testcase name="testGetAssignmentWithSubjectThatDoesNotExist" classname="DPcalcTests" time="0"/>
  <testcase name="testCannotWriteExams" classname="DPcalcTests" time="0"/>
  <testcase name="testGetAssignmentMarkWithMultipleSubjects" classname="DPcalcTests" time="0"/>
  <testcase name="testGetSemesterTestMarkWithMultipleSubjects" classname="DPcalcTests" time="0"/>
  <testcase name="testGetContinuousAssessmentWhereSubjectIsInCapitalLetters" classname="DPcalcTests" time="0"/>
  <testcase name="testValidDVnum" classname="DPcalcTests" time="0"/>
  <testcase name="testInvalidDVnumThatIsTooShort" classname="DPcalcTests" time="0"/>
  <testcase name="testCanWriteExams" classname="DPcalcTests" time="0"/>
  <testcase name="testGetSemesterTestWithSubjectThatDoesNotExist" classname="DPcalcTests" time="0"/>
  <testcase name="testGetAssignmentWhereSubjectIsOnlyInLowerCase" classname="DPcalcTests" time="0"/>
  <testcase name="testInvalidDVnumWithLast4DigitsThatIsWrong" classname="DPcalcTests" time="0"/>
  <testcase name="testInvalidDVnumThatIsMissingTheDash" classname="DPcalcTests" time="0"/>
  <testcase name="testGetContinuousAssessmentWhereSubjectIsOnlyInLowerCase" classname="DPcalcTests" time="0"/>
  <testcase name="testThatYouHaveAllAccessors" classname="DPcalcTests" time="0"/>
  <testcase name="testPrettyPrint" classname="DPcalcTests" time="0"/>
  <testcase name="testInvalidDVnumThatIsTooLong" classname="DPcalcTests" time="0"/>
  <testcase name="testInvalidDVnumThatHasAdashInTheWrongPlace" classname="DPcalcTests" time="0"/>
  <testcase name="testGetSemesterTestWhereSubjectIsInCapitalLetters" classname="DPcalcTests" time="0"/>
  <testcase name="testCanWriteExamsEdgeCase" classname="DPcalcTests" time="0"/>
  <testcase name="testGetContinuousAssessmentWithSubjectThatDoesNotExist" classname="DPcalcTests" time="0"/>
  <testcase name="testCalculateDPwithPassingMarks" classname="DPcalcTests" time="0"/>
  <testcase name="testGetContinuousAssessmentWithMultipleSubjects" classname="DPcalcTests" time="0"/>
</testsuite>