<?xml version="1.0" encoding="UTF-8"?>
<testsuite name="DPcalcTests" time="0.077" tests="26" errors="6" skipped="0" failures="4">
  <properties>
    <property name="java.runtime.name" value="Java(TM) SE Runtime Environment"/>
    <property name="sun.boot.library.path" value="C:\Program Files\Java\jdk1.8.0_51\jre\bin"/>
    <property name="java.vm.version" value="25.51-b03"/>
    <property name="java.vm.vendor" value="Oracle Corporation"/>
    <property name="java.vendor.url" value="http://java.oracle.com/"/>
    <property name="path.separator" value=";"/>
    <property name="guice.disable.misplaced.annotation.check" value="true"/>
    <property name="java.vm.name" value="Java HotSpot(TM) 64-Bit Server VM"/>
    <property name="file.encoding.pkg" value="sun.io"/>
    <property name="user.script" value=""/>
    <property name="user.country" value="ZA"/>
    <property name="sun.java.launcher" value="SUN_STANDARD"/>
    <property name="sun.os.patch.level" value=""/>
    <property name="java.vm.specification.name" value="Java Virtual Machine Specification"/>
    <property name="user.dir" value="C:\Work 1\Lecture02\C_ITOO121Project Juane Manus DV2014-0834"/>
    <property name="java.runtime.version" value="1.8.0_51-b16"/>
    <property name="java.awt.graphicsenv" value="sun.awt.Win32GraphicsEnvironment"/>
    <property name="java.endorsed.dirs" value="C:\Program Files\Java\jdk1.8.0_51\jre\lib\endorsed"/>
    <property name="os.arch" value="amd64"/>
    <property name="java.io.tmpdir" value="C:\Users\PINKLA~1\AppData\Local\Temp\"/>
    <property name="line.separator" value="&#10;"/>
    <property name="java.vm.specification.vendor" value="Oracle Corporation"/>
    <property name="user.variant" value=""/>
    <property name="os.name" value="Windows 8.1"/>
    <property name="maven.ext.class.path" value="C:\Program Files\NetBeans 8.0.2\java\maven-nblib\netbeans-eventspy.jar"/>
    <property name="classworlds.conf" value="C:\Program Files\NetBeans 8.0.2\java\maven\bin\m2.conf"/>
    <property name="sun.jnu.encoding" value="Cp1252"/>
    <property name="java.library.path" value="C:\Program Files\Java\jdk1.8.0_51\bin;C:\Windows\Sun\Java\bin;C:\Windows\system32;C:\Windows;C:\ProgramData\Oracle\Java\javapath;C:\Program Files (x86)\Intel\TXE Components\TCS\;C:\Program Files\Intel\TXE Components\TCS\;C:\Windows\system32;C:\Windows;C:\Windows\System32\Wbem;C:\Windows\System32\WindowsPowerShell\v1.0\;%JAVE_HOME%\bin\;C:\Program Files\apache-maven-3.3.3\bin\;C:\Program Files (x86)\Git\cmd;C:\Program Files (x86)\Git\bin;."/>
    <property name="java.specification.name" value="Java Platform API Specification"/>
    <property name="java.class.version" value="52.0"/>
    <property name="sun.management.compiler" value="HotSpot 64-Bit Tiered Compilers"/>
    <property name="os.version" value="6.3"/>
    <property name="user.home" value="C:\Users\Pink Lady"/>
    <property name="user.timezone" value="Africa/Harare"/>
    <property name="exec.executable" value="C:\Program Files\Java\jdk1.8.0_51\bin\java.exe"/>
    <property name="java.awt.printerjob" value="sun.awt.windows.WPrinterJob"/>
    <property name="java.specification.version" value="1.8"/>
    <property name="file.encoding" value="UTF-8"/>
    <property name="user.name" value="Pink Lady"/>
    <property name="java.class.path" value="C:\Program Files\NetBeans 8.0.2\java\maven\boot\plexus-classworlds-2.4.jar"/>
    <property name="java.vm.specification.version" value="1.8"/>
    <property name="sun.arch.data.model" value="64"/>
    <property name="java.home" value="C:\Program Files\Java\jdk1.8.0_51\jre"/>
    <property name="sun.java.command" value="org.codehaus.plexus.classworlds.launcher.Launcher -Dexec.args=-classpath %classpath za.ac.pearson.cti.studentdpcalculator.Main -Dexec.executable=C:\Program Files\Java\jdk1.8.0_51\bin\java.exe -Dmaven.ext.class.path=C:\Program Files\NetBeans 8.0.2\java\maven-nblib\netbeans-eventspy.jar -Dfile.encoding=UTF-8 surefire:test exec:exec"/>
    <property name="java.specification.vendor" value="Oracle Corporation"/>
    <property name="user.language" value="en"/>
    <property name="awt.toolkit" value="sun.awt.windows.WToolkit"/>
    <property name="java.vm.info" value="mixed mode"/>
    <property name="java.version" value="1.8.0_51"/>
    <property name="java.ext.dirs" value="C:\Program Files\Java\jdk1.8.0_51\jre\lib\ext;C:\Windows\Sun\Java\lib\ext"/>
    <property name="sun.boot.class.path" value="C:\Program Files\Java\jdk1.8.0_51\jre\lib\resources.jar;C:\Program Files\Java\jdk1.8.0_51\jre\lib\rt.jar;C:\Program Files\Java\jdk1.8.0_51\jre\lib\sunrsasign.jar;C:\Program Files\Java\jdk1.8.0_51\jre\lib\jsse.jar;C:\Program Files\Java\jdk1.8.0_51\jre\lib\jce.jar;C:\Program Files\Java\jdk1.8.0_51\jre\lib\charsets.jar;C:\Program Files\Java\jdk1.8.0_51\jre\lib\jfr.jar;C:\Program Files\Java\jdk1.8.0_51\jre\classes"/>
    <property name="java.vendor" value="Oracle Corporation"/>
    <property name="maven.home" value="C:\Program Files\NetBeans 8.0.2\java\maven"/>
    <property name="file.separator" value="\"/>
    <property name="java.vendor.url.bug" value="http://bugreport.sun.com/bugreport/"/>
    <property name="sun.cpu.endian" value="little"/>
    <property name="sun.io.unicode.encoding" value="UnicodeLittle"/>
    <property name="sun.desktop" value="windows"/>
    <property name="exec.args" value="-classpath %classpath za.ac.pearson.cti.studentdpcalculator.Main"/>
    <property name="sun.cpu.isalist" value="amd64"/>
  </properties>
  <testcase name="testCalculateDPwithFailingMarks" classname="DPcalcTests" time="0.031">
    <error message="Not supported yet." type="java.lang.UnsupportedOperationException">java.lang.UnsupportedOperationException: Not supported yet.
	at za.ac.pearson.cti.studentdpcalculator.Subject.getAssignmentWeight(Subject.java:89)
	at za.ac.pearson.cti.studentdpcalculator.DPcalc.getAssignmentWeight(DPcalc.java:142)
	at za.ac.pearson.cti.studentdpcalculator.DPcalc.calculateDP(DPcalc.java:92)
	at DPcalcTests.testCalculateDPwithFailingMarks(DPcalcTests.java:70)
</error>
  </testcase>
  <testcase name="testInvalidDVnumWithDatePartThatIsWrong" classname="DPcalcTests" time="0">
    <failure message="expected:&lt;false&gt; but was:&lt;true&gt;" type="java.lang.AssertionError"><![CDATA[java.lang.AssertionError: expected:<false> but was:<true>
	at org.junit.Assert.fail(Assert.java:88)
	at org.junit.Assert.failNotEquals(Assert.java:834)
	at org.junit.Assert.assertEquals(Assert.java:118)
	at org.junit.Assert.assertEquals(Assert.java:144)
	at DPcalcTests.testInvalidDVnumWithDatePartThatIsWrong(DPcalcTests.java:218)
]]></failure>
  </testcase>
  <testcase name="testGetAssignmentWhereSubjectIsInCapitalLetters" classname="DPcalcTests" time="0"/>
  <testcase name="testGetSemesterTestWhereSubjectIsOnlyInLowerCase" classname="DPcalcTests" time="0"/>
  <testcase name="testGetAssignmentWithSubjectThatDoesNotExist" classname="DPcalcTests" time="0"/>
  <testcase name="testCannotWriteExams" classname="DPcalcTests" time="0">
    <error message="Not supported yet." type="java.lang.UnsupportedOperationException">java.lang.UnsupportedOperationException: Not supported yet.
	at za.ac.pearson.cti.studentdpcalculator.Subject.getAssignmentWeight(Subject.java:89)
	at za.ac.pearson.cti.studentdpcalculator.DPcalc.getAssignmentWeight(DPcalc.java:142)
	at za.ac.pearson.cti.studentdpcalculator.DPcalc.calculateDP(DPcalc.java:92)
	at za.ac.pearson.cti.studentdpcalculator.DPcalc.canWriteExams(DPcalc.java:202)
	at DPcalcTests.testCannotWriteExams(DPcalcTests.java:144)
</error>
  </testcase>
  <testcase name="testGetAssignmentMarkWithMultipleSubjects" classname="DPcalcTests" time="0"/>
  <testcase name="testGetSemesterTestMarkWithMultipleSubjects" classname="DPcalcTests" time="0"/>
  <testcase name="testGetContinuousAssessmentWhereSubjectIsInCapitalLetters" classname="DPcalcTests" time="0"/>
  <testcase name="testValidDVnum" classname="DPcalcTests" time="0.015"/>
  <testcase name="testInvalidDVnumThatIsTooShort" classname="DPcalcTests" time="0"/>
  <testcase name="testCanWriteExams" classname="DPcalcTests" time="0">
    <error message="Not supported yet." type="java.lang.UnsupportedOperationException">java.lang.UnsupportedOperationException: Not supported yet.
	at za.ac.pearson.cti.studentdpcalculator.Subject.getAssignmentWeight(Subject.java:89)
	at za.ac.pearson.cti.studentdpcalculator.DPcalc.getAssignmentWeight(DPcalc.java:142)
	at za.ac.pearson.cti.studentdpcalculator.DPcalc.calculateDP(DPcalc.java:92)
	at za.ac.pearson.cti.studentdpcalculator.DPcalc.canWriteExams(DPcalc.java:202)
	at DPcalcTests.testCanWriteExams(DPcalcTests.java:122)
</error>
  </testcase>
  <testcase name="testGetSemesterTestWithSubjectThatDoesNotExist" classname="DPcalcTests" time="0.016"/>
  <testcase name="testGetAssignmentWhereSubjectIsOnlyInLowerCase" classname="DPcalcTests" time="0"/>
  <testcase name="testInvalidDVnumWithLast4DigitsThatIsWrong" classname="DPcalcTests" time="0">
    <failure message="expected:&lt;false&gt; but was:&lt;true&gt;" type="java.lang.AssertionError"><![CDATA[java.lang.AssertionError: expected:<false> but was:<true>
	at org.junit.Assert.fail(Assert.java:88)
	at org.junit.Assert.failNotEquals(Assert.java:834)
	at org.junit.Assert.assertEquals(Assert.java:118)
	at org.junit.Assert.assertEquals(Assert.java:144)
	at DPcalcTests.testInvalidDVnumWithLast4DigitsThatIsWrong(DPcalcTests.java:244)
]]></failure>
  </testcase>
  <testcase name="testInvalidDVnumThatIsMissingTheDash" classname="DPcalcTests" time="0">
    <failure message="expected:&lt;false&gt; but was:&lt;true&gt;" type="java.lang.AssertionError"><![CDATA[java.lang.AssertionError: expected:<false> but was:<true>
	at org.junit.Assert.fail(Assert.java:88)
	at org.junit.Assert.failNotEquals(Assert.java:834)
	at org.junit.Assert.assertEquals(Assert.java:118)
	at org.junit.Assert.assertEquals(Assert.java:144)
	at DPcalcTests.testInvalidDVnumThatIsMissingTheDash(DPcalcTests.java:319)
]]></failure>
  </testcase>
  <testcase name="testGetContinuousAssessmentWhereSubjectIsOnlyInLowerCase" classname="DPcalcTests" time="0"/>
  <testcase name="testThatYouHaveAllAccessors" classname="DPcalcTests" time="0"/>
  <testcase name="testPrettyPrint" classname="DPcalcTests" time="0">
    <error message="Not supported yet." type="java.lang.UnsupportedOperationException">java.lang.UnsupportedOperationException: Not supported yet.
	at za.ac.pearson.cti.studentdpcalculator.Subject.getAssignmentWeight(Subject.java:89)
	at za.ac.pearson.cti.studentdpcalculator.DPcalc.getAssignmentWeight(DPcalc.java:142)
	at za.ac.pearson.cti.studentdpcalculator.DPcalc.calculateDP(DPcalc.java:92)
	at za.ac.pearson.cti.studentdpcalculator.DPcalc.prettyPrintDPreport(DPcalc.java:119)
	at DPcalcTests.testPrettyPrint(DPcalcTests.java:99)
</error>
  </testcase>
  <testcase name="testInvalidDVnumThatIsTooLong" classname="DPcalcTests" time="0"/>
  <testcase name="testInvalidDVnumThatHasAdashInTheWrongPlace" classname="DPcalcTests" time="0.015">
    <failure message="expected:&lt;false&gt; but was:&lt;true&gt;" type="java.lang.AssertionError"><![CDATA[java.lang.AssertionError: expected:<false> but was:<true>
	at org.junit.Assert.fail(Assert.java:88)
	at org.junit.Assert.failNotEquals(Assert.java:834)
	at org.junit.Assert.assertEquals(Assert.java:118)
	at org.junit.Assert.assertEquals(Assert.java:144)
	at DPcalcTests.testInvalidDVnumThatHasAdashInTheWrongPlace(DPcalcTests.java:345)
]]></failure>
  </testcase>
  <testcase name="testGetSemesterTestWhereSubjectIsInCapitalLetters" classname="DPcalcTests" time="0"/>
  <testcase name="testCanWriteExamsEdgeCase" classname="DPcalcTests" time="0">
    <error message="Not supported yet." type="java.lang.UnsupportedOperationException">java.lang.UnsupportedOperationException: Not supported yet.
	at za.ac.pearson.cti.studentdpcalculator.Subject.getAssignmentWeight(Subject.java:89)
	at za.ac.pearson.cti.studentdpcalculator.DPcalc.getAssignmentWeight(DPcalc.java:142)
	at za.ac.pearson.cti.studentdpcalculator.DPcalc.calculateDP(DPcalc.java:92)
	at DPcalcTests.testCanWriteExamsEdgeCase(DPcalcTests.java:165)
</error>
  </testcase>
  <testcase name="testGetContinuousAssessmentWithSubjectThatDoesNotExist" classname="DPcalcTests" time="0"/>
  <testcase name="testCalculateDPwithPassingMarks" classname="DPcalcTests" time="0">
    <error message="Not supported yet." type="java.lang.UnsupportedOperationException">java.lang.UnsupportedOperationException: Not supported yet.
	at za.ac.pearson.cti.studentdpcalculator.Subject.getAssignmentWeight(Subject.java:89)
	at za.ac.pearson.cti.studentdpcalculator.DPcalc.getAssignmentWeight(DPcalc.java:142)
	at za.ac.pearson.cti.studentdpcalculator.DPcalc.calculateDP(DPcalc.java:92)
	at DPcalcTests.testCalculateDPwithPassingMarks(DPcalcTests.java:46)
</error>
  </testcase>
  <testcase name="testGetContinuousAssessmentWithMultipleSubjects" classname="DPcalcTests" time="0"/>
</testsuite>