<?xml version="1.0" encoding="UTF-8"?>
<testsuite name="DPcalcTests" time="0.008" tests="26" errors="26" skipped="0" failures="0">
  <properties>
    <property name="java.runtime.name" value="Java(TM) SE Runtime Environment"/>
    <property name="sun.boot.library.path" value="C:\Program Files\Java\jdk1.8.0_40\jre\bin"/>
    <property name="java.vm.version" value="25.40-b25"/>
    <property name="java.vm.vendor" value="Oracle Corporation"/>
    <property name="java.vendor.url" value="http://java.oracle.com/"/>
    <property name="path.separator" value=";"/>
    <property name="guice.disable.misplaced.annotation.check" value="true"/>
    <property name="java.vm.name" value="Java HotSpot(TM) 64-Bit Server VM"/>
    <property name="file.encoding.pkg" value="sun.io"/>
    <property name="user.script" value=""/>
    <property name="user.country" value="ZA"/>
    <property name="sun.java.launcher" value="SUN_STANDARD"/>
    <property name="sun.os.patch.level" value=""/>
    <property name="java.vm.specification.name" value="Java Virtual Machine Specification"/>
    <property name="user.dir" value="C:\_FILES\_CTI\Y1S2\OOP\C_ITOO121Project"/>
    <property name="java.runtime.version" value="1.8.0_40-b25"/>
    <property name="java.awt.graphicsenv" value="sun.awt.Win32GraphicsEnvironment"/>
    <property name="java.endorsed.dirs" value="C:\Program Files\Java\jdk1.8.0_40\jre\lib\endorsed"/>
    <property name="os.arch" value="amd64"/>
    <property name="java.io.tmpdir" value="C:\Users\Philip\AppData\Local\Temp\"/>
    <property name="line.separator" value="&#10;"/>
    <property name="java.vm.specification.vendor" value="Oracle Corporation"/>
    <property name="user.variant" value=""/>
    <property name="os.name" value="Windows 8.1"/>
    <property name="maven.ext.class.path" value="C:\Users\Philip\AppData\Roaming\NetBeans\8.0.2\maven-nblib\netbeans-eventspy.jar"/>
    <property name="classworlds.conf" value="C:\Program Files\NetBeans 8.0.2\java\maven\bin\m2.conf"/>
    <property name="sun.jnu.encoding" value="Cp1252"/>
    <property name="java.library.path" value="C:\Program Files\Java\jdk1.8.0_40\bin;C:\WINDOWS\Sun\Java\bin;C:\WINDOWS\system32;C:\WINDOWS;C:\Program Files (x86)\NVIDIA Corporation\PhysX\Common;C:\ProgramData\Oracle\Java\javapath;C:\Program Files (x86)\Lenovo\FusionEngine;C:\Program Files (x86)\Intel\iCLS Client\;C:\Program Files\Intel\iCLS Client\;C:\WINDOWS\system32;C:\WINDOWS;C:\WINDOWS\System32\Wbem;C:\WINDOWS\System32\WindowsPowerShell\v1.0\;C:\Program Files\Intel\Intel(R) Management Engine Components\DAL;C:\Program Files\Intel\Intel(R) Management Engine Components\IPT;C:\Program Files (x86)\Intel\Intel(R) Management Engine Components\DAL;C:\Program Files (x86)\Intel\Intel(R) Management Engine Components\IPT;C:\Program Files (x86)\Skype\Phone\;C:\Program Files\Java\jdk1.8.0_40\bin\;C:\Program Files\apache-maven-3.3.3\bin\;C:\Program Files (x86)\GitExtensions\;C:\Program Files\Microsoft SQL Server\110\Tools\Binn\;."/>
    <property name="java.specification.name" value="Java Platform API Specification"/>
    <property name="java.class.version" value="52.0"/>
    <property name="sun.management.compiler" value="HotSpot 64-Bit Tiered Compilers"/>
    <property name="os.version" value="6.3"/>
    <property name="user.home" value="C:\Users\Philip"/>
    <property name="user.timezone" value="Africa/Harare"/>
    <property name="exec.executable" value="C:\Program Files\Java\jdk1.8.0_40\bin\java.exe"/>
    <property name="java.awt.printerjob" value="sun.awt.windows.WPrinterJob"/>
    <property name="java.specification.version" value="1.8"/>
    <property name="file.encoding" value="UTF-8"/>
    <property name="user.name" value="Philip"/>
    <property name="java.class.path" value="C:\Program Files\NetBeans 8.0.2\java\maven\boot\plexus-classworlds-2.4.jar"/>
    <property name="java.vm.specification.version" value="1.8"/>
    <property name="sun.arch.data.model" value="64"/>
    <property name="java.home" value="C:\Program Files\Java\jdk1.8.0_40\jre"/>
    <property name="sun.java.command" value="org.codehaus.plexus.classworlds.launcher.Launcher -Dexec.args=-classpath %classpath za.ac.pearson.cti.studentdpcalculator.Main -Dexec.executable=C:\Program Files\Java\jdk1.8.0_40\bin\java.exe -Dmaven.ext.class.path=C:\Users\Philip\AppData\Roaming\NetBeans\8.0.2\maven-nblib\netbeans-eventspy.jar -Dfile.encoding=UTF-8 surefire:test exec:exec"/>
    <property name="java.specification.vendor" value="Oracle Corporation"/>
    <property name="user.language" value="en"/>
    <property name="awt.toolkit" value="sun.awt.windows.WToolkit"/>
    <property name="java.vm.info" value="mixed mode"/>
    <property name="java.version" value="1.8.0_40"/>
    <property name="java.ext.dirs" value="C:\Program Files\Java\jdk1.8.0_40\jre\lib\ext;C:\WINDOWS\Sun\Java\lib\ext"/>
    <property name="sun.boot.class.path" value="C:\Program Files\Java\jdk1.8.0_40\jre\lib\resources.jar;C:\Program Files\Java\jdk1.8.0_40\jre\lib\rt.jar;C:\Program Files\Java\jdk1.8.0_40\jre\lib\sunrsasign.jar;C:\Program Files\Java\jdk1.8.0_40\jre\lib\jsse.jar;C:\Program Files\Java\jdk1.8.0_40\jre\lib\jce.jar;C:\Program Files\Java\jdk1.8.0_40\jre\lib\charsets.jar;C:\Program Files\Java\jdk1.8.0_40\jre\lib\jfr.jar;C:\Program Files\Java\jdk1.8.0_40\jre\classes"/>
    <property name="java.vendor" value="Oracle Corporation"/>
    <property name="maven.home" value="C:\Program Files\NetBeans 8.0.2\java\maven"/>
    <property name="file.separator" value="\"/>
    <property name="java.vendor.url.bug" value="http://bugreport.sun.com/bugreport/"/>
    <property name="sun.cpu.endian" value="little"/>
    <property name="sun.io.unicode.encoding" value="UnicodeLittle"/>
    <property name="sun.desktop" value="windows"/>
    <property name="exec.args" value="-classpath %classpath za.ac.pearson.cti.studentdpcalculator.Main"/>
    <property name="sun.cpu.isalist" value="amd64"/>
  </properties>
  <testcase name="testCalculateDPwithFailingMarks" classname="DPcalcTests" time="0.001">
    <error message="za/ac/pearson/cti/studentdpcalculator/DPcalc" type="java.lang.NoClassDefFoundError">java.lang.NoClassDefFoundError: za/ac/pearson/cti/studentdpcalculator/DPcalc
	at java.net.URLClassLoader.findClass(URLClassLoader.java:381)
	at java.lang.ClassLoader.loadClass(ClassLoader.java:424)
	at sun.misc.Launcher$AppClassLoader.loadClass(Launcher.java:331)
	at java.lang.ClassLoader.loadClass(ClassLoader.java:357)
	at DPcalcTests.testCalculateDPwithFailingMarks(DPcalcTests.java:66)
</error>
  </testcase>
  <testcase name="testInvalidDVnumWithDatePartThatIsWrong" classname="DPcalcTests" time="0">
    <error message="za/ac/pearson/cti/studentdpcalculator/DPcalc" type="java.lang.NoClassDefFoundError">java.lang.NoClassDefFoundError: za/ac/pearson/cti/studentdpcalculator/DPcalc
	at DPcalcTests.testInvalidDVnumWithDatePartThatIsWrong(DPcalcTests.java:211)
</error>
  </testcase>
  <testcase name="testGetAssignmentWhereSubjectIsInCapitalLetters" classname="DPcalcTests" time="0">
    <error message="za/ac/pearson/cti/studentdpcalculator/DPcalc" type="java.lang.NoClassDefFoundError">java.lang.NoClassDefFoundError: za/ac/pearson/cti/studentdpcalculator/DPcalc
	at DPcalcTests.testGetAssignmentWhereSubjectIsInCapitalLetters(DPcalcTests.java:404)
</error>
  </testcase>
  <testcase name="testGetSemesterTestWhereSubjectIsOnlyInLowerCase" classname="DPcalcTests" time="0">
    <error message="za/ac/pearson/cti/studentdpcalculator/DPcalc" type="java.lang.NoClassDefFoundError">java.lang.NoClassDefFoundError: za/ac/pearson/cti/studentdpcalculator/DPcalc
	at DPcalcTests.testGetSemesterTestWhereSubjectIsOnlyInLowerCase(DPcalcTests.java:485)
</error>
  </testcase>
  <testcase name="testGetAssignmentWithSubjectThatDoesNotExist" classname="DPcalcTests" time="0">
    <error message="Unexpected exception, expected&lt;java.lang.ArrayIndexOutOfBoundsException&gt; but was&lt;java.lang.NoClassDefFoundError&gt;" type="java.lang.Exception"><![CDATA[java.lang.Exception: Unexpected exception, expected<java.lang.ArrayIndexOutOfBoundsException> but was<java.lang.NoClassDefFoundError>
	at DPcalcTests.testGetAssignmentWithSubjectThatDoesNotExist(DPcalcTests.java:391)
]]></error>
  </testcase>
  <testcase name="testCannotWriteExams" classname="DPcalcTests" time="0">
    <error message="za/ac/pearson/cti/studentdpcalculator/DPcalc" type="java.lang.NoClassDefFoundError">java.lang.NoClassDefFoundError: za/ac/pearson/cti/studentdpcalculator/DPcalc
	at DPcalcTests.testCannotWriteExams(DPcalcTests.java:140)
</error>
  </testcase>
  <testcase name="testGetAssignmentMarkWithMultipleSubjects" classname="DPcalcTests" time="0.001">
    <error message="za/ac/pearson/cti/studentdpcalculator/DPcalc" type="java.lang.NoClassDefFoundError">java.lang.NoClassDefFoundError: za/ac/pearson/cti/studentdpcalculator/DPcalc
	at DPcalcTests.testGetAssignmentMarkWithMultipleSubjects(DPcalcTests.java:439)
</error>
  </testcase>
  <testcase name="testGetSemesterTestMarkWithMultipleSubjects" classname="DPcalcTests" time="0.001">
    <error message="za/ac/pearson/cti/studentdpcalculator/DPcalc" type="java.lang.NoClassDefFoundError">java.lang.NoClassDefFoundError: za/ac/pearson/cti/studentdpcalculator/DPcalc
	at DPcalcTests.testGetSemesterTestMarkWithMultipleSubjects(DPcalcTests.java:505)
</error>
  </testcase>
  <testcase name="testGetContinuousAssessmentWhereSubjectIsInCapitalLetters" classname="DPcalcTests" time="0">
    <error message="za/ac/pearson/cti/studentdpcalculator/DPcalc" type="java.lang.NoClassDefFoundError">java.lang.NoClassDefFoundError: za/ac/pearson/cti/studentdpcalculator/DPcalc
	at DPcalcTests.testGetContinuousAssessmentWhereSubjectIsInCapitalLetters(DPcalcTests.java:536)
</error>
  </testcase>
  <testcase name="testValidDVnum" classname="DPcalcTests" time="0.001">
    <error message="za/ac/pearson/cti/studentdpcalculator/DPcalc" type="java.lang.NoClassDefFoundError">java.lang.NoClassDefFoundError: za/ac/pearson/cti/studentdpcalculator/DPcalc
	at DPcalcTests.testValidDVnum(DPcalcTests.java:184)
</error>
  </testcase>
  <testcase name="testInvalidDVnumThatIsTooShort" classname="DPcalcTests" time="0.001">
    <error message="za/ac/pearson/cti/studentdpcalculator/DPcalc" type="java.lang.NoClassDefFoundError">java.lang.NoClassDefFoundError: za/ac/pearson/cti/studentdpcalculator/DPcalc
	at DPcalcTests.testInvalidDVnumThatIsTooShort(DPcalcTests.java:262)
</error>
  </testcase>
  <testcase name="testCanWriteExams" classname="DPcalcTests" time="0">
    <error message="za/ac/pearson/cti/studentdpcalculator/DPcalc" type="java.lang.NoClassDefFoundError">java.lang.NoClassDefFoundError: za/ac/pearson/cti/studentdpcalculator/DPcalc
	at DPcalcTests.testCanWriteExams(DPcalcTests.java:118)
</error>
  </testcase>
  <testcase name="testGetSemesterTestWithSubjectThatDoesNotExist" classname="DPcalcTests" time="0.001">
    <error message="Unexpected exception, expected&lt;java.lang.ArrayIndexOutOfBoundsException&gt; but was&lt;java.lang.NoClassDefFoundError&gt;" type="java.lang.Exception"><![CDATA[java.lang.Exception: Unexpected exception, expected<java.lang.ArrayIndexOutOfBoundsException> but was<java.lang.NoClassDefFoundError>
	at DPcalcTests.testGetSemesterTestWithSubjectThatDoesNotExist(DPcalcTests.java:457)
]]></error>
  </testcase>
  <testcase name="testGetAssignmentWhereSubjectIsOnlyInLowerCase" classname="DPcalcTests" time="0.001">
    <error message="za/ac/pearson/cti/studentdpcalculator/DPcalc" type="java.lang.NoClassDefFoundError">java.lang.NoClassDefFoundError: za/ac/pearson/cti/studentdpcalculator/DPcalc
	at DPcalcTests.testGetAssignmentWhereSubjectIsOnlyInLowerCase(DPcalcTests.java:419)
</error>
  </testcase>
  <testcase name="testInvalidDVnumWithLast4DigitsThatIsWrong" classname="DPcalcTests" time="0">
    <error message="za/ac/pearson/cti/studentdpcalculator/DPcalc" type="java.lang.NoClassDefFoundError">java.lang.NoClassDefFoundError: za/ac/pearson/cti/studentdpcalculator/DPcalc
	at DPcalcTests.testInvalidDVnumWithLast4DigitsThatIsWrong(DPcalcTests.java:237)
</error>
  </testcase>
  <testcase name="testInvalidDVnumThatIsMissingTheDash" classname="DPcalcTests" time="0">
    <error message="za/ac/pearson/cti/studentdpcalculator/DPcalc" type="java.lang.NoClassDefFoundError">java.lang.NoClassDefFoundError: za/ac/pearson/cti/studentdpcalculator/DPcalc
	at DPcalcTests.testInvalidDVnumThatIsMissingTheDash(DPcalcTests.java:312)
</error>
  </testcase>
  <testcase name="testGetContinuousAssessmentWhereSubjectIsOnlyInLowerCase" classname="DPcalcTests" time="0">
    <error message="za/ac/pearson/cti/studentdpcalculator/DPcalc" type="java.lang.NoClassDefFoundError">java.lang.NoClassDefFoundError: za/ac/pearson/cti/studentdpcalculator/DPcalc
	at DPcalcTests.testGetContinuousAssessmentWhereSubjectIsOnlyInLowerCase(DPcalcTests.java:551)
</error>
  </testcase>
  <testcase name="testThatYouHaveAllAccessors" classname="DPcalcTests" time="0">
    <error message="za/ac/pearson/cti/studentdpcalculator/DPcalc" type="java.lang.NoClassDefFoundError">java.lang.NoClassDefFoundError: za/ac/pearson/cti/studentdpcalculator/DPcalc
	at DPcalcTests.testThatYouHaveAllAccessors(DPcalcTests.java:365)
</error>
  </testcase>
  <testcase name="testPrettyPrint" classname="DPcalcTests" time="0.001">
    <error message="za/ac/pearson/cti/studentdpcalculator/DPcalc" type="java.lang.NoClassDefFoundError">java.lang.NoClassDefFoundError: za/ac/pearson/cti/studentdpcalculator/DPcalc
	at DPcalcTests.testPrettyPrint(DPcalcTests.java:94)
</error>
  </testcase>
  <testcase name="testInvalidDVnumThatIsTooLong" classname="DPcalcTests" time="0">
    <error message="za/ac/pearson/cti/studentdpcalculator/DPcalc" type="java.lang.NoClassDefFoundError">java.lang.NoClassDefFoundError: za/ac/pearson/cti/studentdpcalculator/DPcalc
	at DPcalcTests.testInvalidDVnumThatIsTooLong(DPcalcTests.java:287)
</error>
  </testcase>
  <testcase name="testInvalidDVnumThatHasAdashInTheWrongPlace" classname="DPcalcTests" time="0">
    <error message="za/ac/pearson/cti/studentdpcalculator/DPcalc" type="java.lang.NoClassDefFoundError">java.lang.NoClassDefFoundError: za/ac/pearson/cti/studentdpcalculator/DPcalc
	at DPcalcTests.testInvalidDVnumThatHasAdashInTheWrongPlace(DPcalcTests.java:338)
</error>
  </testcase>
  <testcase name="testGetSemesterTestWhereSubjectIsInCapitalLetters" classname="DPcalcTests" time="0">
    <error message="za/ac/pearson/cti/studentdpcalculator/DPcalc" type="java.lang.NoClassDefFoundError">java.lang.NoClassDefFoundError: za/ac/pearson/cti/studentdpcalculator/DPcalc
	at DPcalcTests.testGetSemesterTestWhereSubjectIsInCapitalLetters(DPcalcTests.java:470)
</error>
  </testcase>
  <testcase name="testCanWriteExamsEdgeCase" classname="DPcalcTests" time="0">
    <error message="za/ac/pearson/cti/studentdpcalculator/DPcalc" type="java.lang.NoClassDefFoundError">java.lang.NoClassDefFoundError: za/ac/pearson/cti/studentdpcalculator/DPcalc
	at DPcalcTests.testCanWriteExamsEdgeCase(DPcalcTests.java:161)
</error>
  </testcase>
  <testcase name="testGetContinuousAssessmentWithSubjectThatDoesNotExist" classname="DPcalcTests" time="0">
    <error message="Unexpected exception, expected&lt;java.lang.ArrayIndexOutOfBoundsException&gt; but was&lt;java.lang.NoClassDefFoundError&gt;" type="java.lang.Exception"><![CDATA[java.lang.Exception: Unexpected exception, expected<java.lang.ArrayIndexOutOfBoundsException> but was<java.lang.NoClassDefFoundError>
	at DPcalcTests.testGetContinuousAssessmentWithSubjectThatDoesNotExist(DPcalcTests.java:523)
]]></error>
  </testcase>
  <testcase name="testCalculateDPwithPassingMarks" classname="DPcalcTests" time="0">
    <error message="za/ac/pearson/cti/studentdpcalculator/DPcalc" type="java.lang.NoClassDefFoundError">java.lang.NoClassDefFoundError: za/ac/pearson/cti/studentdpcalculator/DPcalc
	at DPcalcTests.testCalculateDPwithPassingMarks(DPcalcTests.java:42)
</error>
  </testcase>
  <testcase name="testGetContinuousAssessmentWithMultipleSubjects" classname="DPcalcTests" time="0">
    <error message="za/ac/pearson/cti/studentdpcalculator/DPcalc" type="java.lang.NoClassDefFoundError">java.lang.NoClassDefFoundError: za/ac/pearson/cti/studentdpcalculator/DPcalc
	at DPcalcTests.testGetContinuousAssessmentWithMultipleSubjects(DPcalcTests.java:571)
</error>
  </testcase>
</testsuite>